<?xml version="1.0" encoding="UTF-8"?>
<!-- Generated by org.testng.reporters.JUnitXMLReporter -->
<testsuite ignored="5" hostname="DESKTOP-8CID97K" failures="0" tests="1" name="Test" time="8.304" errors="0" timestamp="2022-03-09T17:32:21 IST">
  <testcase classname="testNG.NewTestOne" name="google" time="5.638"/>
  <testcase classname="testNG.NewTestOne" name="IndentifyLoacatorElement" time="0.0">
    <ignored/>
  </testcase> <!-- IndentifyLoacatorElement -->
  <testcase classname="testNG.NewTestOne" name="linkedin" time="0.0">
    <ignored/>
  </testcase> <!-- linkedin -->
  <testcase classname="testNG.NewTestOne" name="facebook" time="0.0">
    <ignored/>
  </testcase> <!-- facebook -->
  <testcase classname="testNG.NewTestOne" name="twitter" time="0.0">
    <ignored/>
  </testcase> <!-- twitter -->
  <testcase classname="testNG.NewTestOne" name="seleniumlearn" time="0.0">
    <ignored/>
  </testcase> <!-- seleniumlearn -->
</testsuite> <!-- Test -->
